2020-09-19 00:22:03.784  INFO 31353 --- [SpringContextShutdownHook] o.s.s.concurrent.ThreadPoolTaskExecutor  : Shutting down ExecutorService 'applicationTaskExecutor'
2020-09-19 00:22:03.827  INFO 31353 --- [SpringContextShutdownHook] j.LocalContainerEntityManagerFactoryBean : Closing JPA EntityManagerFactory for persistence unit 'default'
2020-09-19 00:22:03.892  INFO 31353 --- [SpringContextShutdownHook] com.zaxxer.hikari.HikariDataSource       : HikariPool-1 - Shutdown initiated...
2020-09-19 00:22:03.905  INFO 31353 --- [SpringContextShutdownHook] com.zaxxer.hikari.HikariDataSource       : HikariPool-1 - Shutdown completed.
2020-09-19 00:36:07.416  INFO 47230 --- [main] .TutorPreferenceSystemProjectApplication : Starting TutorPreferenceSystemProjectApplication on LeoSeo-MAC.local with PID 47230 (/Users/leoseo/Desktop/Swinburne/ARP/workspace/tpsp/target/classes started by leoseo in /Users/leoseo/Desktop/Swinburne/ARP/workspace/tpsp)
2020-09-19 00:36:07.418  INFO 47230 --- [main] .TutorPreferenceSystemProjectApplication : No active profile set, falling back to default profiles: default
2020-09-19 00:36:07.972  INFO 47230 --- [main] .s.d.r.c.RepositoryConfigurationDelegate : Bootstrapping Spring Data JPA repositories in DEFAULT mode.
2020-09-19 00:36:08.056  INFO 47230 --- [main] .s.d.r.c.RepositoryConfigurationDelegate : Finished Spring Data repository scanning in 72ms. Found 6 JPA repository interfaces.
2020-09-19 00:36:08.772  INFO 47230 --- [main] o.s.b.w.embedded.tomcat.TomcatWebServer  : Tomcat initialized with port(s): 8080 (http)
2020-09-19 00:36:08.784  INFO 47230 --- [main] o.apache.catalina.core.StandardService   : Starting service [Tomcat]
2020-09-19 00:36:08.785  INFO 47230 --- [main] org.apache.catalina.core.StandardEngine  : Starting Servlet engine: [Apache Tomcat/9.0.37]
2020-09-19 00:36:08.894  INFO 47230 --- [main] o.a.c.c.C.[Tomcat].[localhost].[/api]    : Initializing Spring embedded WebApplicationContext
2020-09-19 00:36:08.895  INFO 47230 --- [main] w.s.c.ServletWebServerApplicationContext : Root WebApplicationContext: initialization completed in 1377 ms
2020-09-19 00:36:09.145  INFO 47230 --- [main] com.zaxxer.hikari.HikariDataSource       : HikariPool-1 - Starting...
2020-09-19 00:36:10.099  INFO 47230 --- [main] com.zaxxer.hikari.HikariDataSource       : HikariPool-1 - Start completed.
2020-09-19 00:36:11.378  INFO 47230 --- [main] j.LocalContainerEntityManagerFactoryBean : Initialized JPA EntityManagerFactory for persistence unit 'default'
2020-09-19 00:36:11.913  WARN 47230 --- [main] ConfigServletWebServerApplicationContext : Exception encountered during context initialization - cancelling refresh attempt: org.springframework.beans.factory.UnsatisfiedDependencyException: Error creating bean with name 'excelController': Unsatisfied dependency expressed through field 'excelService'; nested exception is org.springframework.beans.factory.UnsatisfiedDependencyException: Error creating bean with name 'excelServiceImpl': Unsatisfied dependency expressed through field 'clazzRepo'; nested exception is org.springframework.beans.factory.BeanCreationException: Error creating bean with name 'clazzRepo' defined in com.core.tpsp.repo.ClazzRepo defined in @EnableJpaRepositories declared on TutorPreferenceSystemProjectApplication: Invocation of init method failed; nested exception is java.lang.IllegalArgumentException: Not a managed type: class java.lang.Class
2020-09-19 00:36:11.914  INFO 47230 --- [main] j.LocalContainerEntityManagerFactoryBean : Closing JPA EntityManagerFactory for persistence unit 'default'
2020-09-19 00:36:11.916  INFO 47230 --- [main] com.zaxxer.hikari.HikariDataSource       : HikariPool-1 - Shutdown initiated...
2020-09-19 00:36:11.938  INFO 47230 --- [main] com.zaxxer.hikari.HikariDataSource       : HikariPool-1 - Shutdown completed.
2020-09-19 00:36:11.940  INFO 47230 --- [main] o.apache.catalina.core.StandardService   : Stopping service [Tomcat]
2020-09-19 00:36:11.952  INFO 47230 --- [main] ConditionEvaluationReportLoggingListener : 

Error starting ApplicationContext. To display the conditions report re-run your application with 'debug' enabled.
2020-09-19 00:36:11.973 ERROR 47230 --- [main] o.s.boot.SpringApplication               : Application run failed

org.springframework.beans.factory.UnsatisfiedDependencyException: Error creating bean with name 'excelController': Unsatisfied dependency expressed through field 'excelService'; nested exception is org.springframework.beans.factory.UnsatisfiedDependencyException: Error creating bean with name 'excelServiceImpl': Unsatisfied dependency expressed through field 'clazzRepo'; nested exception is org.springframework.beans.factory.BeanCreationException: Error creating bean with name 'clazzRepo' defined in com.core.tpsp.repo.ClazzRepo defined in @EnableJpaRepositories declared on TutorPreferenceSystemProjectApplication: Invocation of init method failed; nested exception is java.lang.IllegalArgumentException: Not a managed type: class java.lang.Class
	at org.springframework.beans.factory.annotation.AutowiredAnnotationBeanPostProcessor$AutowiredFieldElement.inject(AutowiredAnnotationBeanPostProcessor.java:643) ~[spring-beans-5.2.8.RELEASE.jar:5.2.8.RELEASE]
	at org.springframework.beans.factory.annotation.InjectionMetadata.inject(InjectionMetadata.java:130) ~[spring-beans-5.2.8.RELEASE.jar:5.2.8.RELEASE]
	at org.springframework.beans.factory.annotation.AutowiredAnnotationBeanPostProcessor.postProcessProperties(AutowiredAnnotationBeanPostProcessor.java:399) ~[spring-beans-5.2.8.RELEASE.jar:5.2.8.RELEASE]
	at org.springframework.beans.factory.support.AbstractAutowireCapableBeanFactory.populateBean(AbstractAutowireCapableBeanFactory.java:1420) ~[spring-beans-5.2.8.RELEASE.jar:5.2.8.RELEASE]
	at org.springframework.beans.factory.support.AbstractAutowireCapableBeanFactory.doCreateBean(AbstractAutowireCapableBeanFactory.java:593) ~[spring-beans-5.2.8.RELEASE.jar:5.2.8.RELEASE]
	at org.springframework.beans.factory.support.AbstractAutowireCapableBeanFactory.createBean(AbstractAutowireCapableBeanFactory.java:516) ~[spring-beans-5.2.8.RELEASE.jar:5.2.8.RELEASE]
	at org.springframework.beans.factory.support.AbstractBeanFactory.lambda$doGetBean$0(AbstractBeanFactory.java:324) ~[spring-beans-5.2.8.RELEASE.jar:5.2.8.RELEASE]
	at org.springframework.beans.factory.support.DefaultSingletonBeanRegistry.getSingleton(DefaultSingletonBeanRegistry.java:226) ~[spring-beans-5.2.8.RELEASE.jar:5.2.8.RELEASE]
	at org.springframework.beans.factory.support.AbstractBeanFactory.doGetBean(AbstractBeanFactory.java:322) ~[spring-beans-5.2.8.RELEASE.jar:5.2.8.RELEASE]
	at org.springframework.beans.factory.support.AbstractBeanFactory.getBean(AbstractBeanFactory.java:202) ~[spring-beans-5.2.8.RELEASE.jar:5.2.8.RELEASE]
	at org.springframework.beans.factory.support.DefaultListableBeanFactory.preInstantiateSingletons(DefaultListableBeanFactory.java:897) ~[spring-beans-5.2.8.RELEASE.jar:5.2.8.RELEASE]
	at org.springframework.context.support.AbstractApplicationContext.finishBeanFactoryInitialization(AbstractApplicationContext.java:879) ~[spring-context-5.2.8.RELEASE.jar:5.2.8.RELEASE]
	at org.springframework.context.support.AbstractApplicationContext.refresh(AbstractApplicationContext.java:551) ~[spring-context-5.2.8.RELEASE.jar:5.2.8.RELEASE]
	at org.springframework.boot.web.servlet.context.ServletWebServerApplicationContext.refresh(ServletWebServerApplicationContext.java:143) ~[spring-boot-2.3.3.RELEASE.jar:2.3.3.RELEASE]
	at org.springframework.boot.SpringApplication.refresh(SpringApplication.java:758) [spring-boot-2.3.3.RELEASE.jar:2.3.3.RELEASE]
	at org.springframework.boot.SpringApplication.refresh(SpringApplication.java:750) [spring-boot-2.3.3.RELEASE.jar:2.3.3.RELEASE]
	at org.springframework.boot.SpringApplication.refreshContext(SpringApplication.java:397) [spring-boot-2.3.3.RELEASE.jar:2.3.3.RELEASE]
	at org.springframework.boot.SpringApplication.run(SpringApplication.java:315) [spring-boot-2.3.3.RELEASE.jar:2.3.3.RELEASE]
	at org.springframework.boot.SpringApplication.run(SpringApplication.java:1237) [spring-boot-2.3.3.RELEASE.jar:2.3.3.RELEASE]
	at org.springframework.boot.SpringApplication.run(SpringApplication.java:1226) [spring-boot-2.3.3.RELEASE.jar:2.3.3.RELEASE]
	at com.core.tpsp.TutorPreferenceSystemProjectApplication.main(TutorPreferenceSystemProjectApplication.java:16) [classes/:na]
Caused by: org.springframework.beans.factory.UnsatisfiedDependencyException: Error creating bean with name 'excelServiceImpl': Unsatisfied dependency expressed through field 'clazzRepo'; nested exception is org.springframework.beans.factory.BeanCreationException: Error creating bean with name 'clazzRepo' defined in com.core.tpsp.repo.ClazzRepo defined in @EnableJpaRepositories declared on TutorPreferenceSystemProjectApplication: Invocation of init method failed; nested exception is java.lang.IllegalArgumentException: Not a managed type: class java.lang.Class
	at org.springframework.beans.factory.annotation.AutowiredAnnotationBeanPostProcessor$AutowiredFieldElement.inject(AutowiredAnnotationBeanPostProcessor.java:643) ~[spring-beans-5.2.8.RELEASE.jar:5.2.8.RELEASE]
	at org.springframework.beans.factory.annotation.InjectionMetadata.inject(InjectionMetadata.java:130) ~[spring-beans-5.2.8.RELEASE.jar:5.2.8.RELEASE]
	at org.springframework.beans.factory.annotation.AutowiredAnnotationBeanPostProcessor.postProcessProperties(AutowiredAnnotationBeanPostProcessor.java:399) ~[spring-beans-5.2.8.RELEASE.jar:5.2.8.RELEASE]
	at org.springframework.beans.factory.support.AbstractAutowireCapableBeanFactory.populateBean(AbstractAutowireCapableBeanFactory.java:1420) ~[spring-beans-5.2.8.RELEASE.jar:5.2.8.RELEASE]
	at org.springframework.beans.factory.support.AbstractAutowireCapableBeanFactory.doCreateBean(AbstractAutowireCapableBeanFactory.java:593) ~[spring-beans-5.2.8.RELEASE.jar:5.2.8.RELEASE]
	at org.springframework.beans.factory.support.AbstractAutowireCapableBeanFactory.createBean(AbstractAutowireCapableBeanFactory.java:516) ~[spring-beans-5.2.8.RELEASE.jar:5.2.8.RELEASE]
	at org.springframework.beans.factory.support.AbstractBeanFactory.lambda$doGetBean$0(AbstractBeanFactory.java:324) ~[spring-beans-5.2.8.RELEASE.jar:5.2.8.RELEASE]
	at org.springframework.beans.factory.support.DefaultSingletonBeanRegistry.getSingleton(DefaultSingletonBeanRegistry.java:226) ~[spring-beans-5.2.8.RELEASE.jar:5.2.8.RELEASE]
	at org.springframework.beans.factory.support.AbstractBeanFactory.doGetBean(AbstractBeanFactory.java:322) ~[spring-beans-5.2.8.RELEASE.jar:5.2.8.RELEASE]
	at org.springframework.beans.factory.support.AbstractBeanFactory.getBean(AbstractBeanFactory.java:202) ~[spring-beans-5.2.8.RELEASE.jar:5.2.8.RELEASE]
	at org.springframework.beans.factory.config.DependencyDescriptor.resolveCandidate(DependencyDescriptor.java:276) ~[spring-beans-5.2.8.RELEASE.jar:5.2.8.RELEASE]
	at org.springframework.beans.factory.support.DefaultListableBeanFactory.doResolveDependency(DefaultListableBeanFactory.java:1307) ~[spring-beans-5.2.8.RELEASE.jar:5.2.8.RELEASE]
	at org.springframework.beans.factory.support.DefaultListableBeanFactory.resolveDependency(DefaultListableBeanFactory.java:1227) ~[spring-beans-5.2.8.RELEASE.jar:5.2.8.RELEASE]
	at org.springframework.beans.factory.annotation.AutowiredAnnotationBeanPostProcessor$AutowiredFieldElement.inject(AutowiredAnnotationBeanPostProcessor.java:640) ~[spring-beans-5.2.8.RELEASE.jar:5.2.8.RELEASE]
	... 20 common frames omitted
Caused by: org.springframework.beans.factory.BeanCreationException: Error creating bean with name 'clazzRepo' defined in com.core.tpsp.repo.ClazzRepo defined in @EnableJpaRepositories declared on TutorPreferenceSystemProjectApplication: Invocation of init method failed; nested exception is java.lang.IllegalArgumentException: Not a managed type: class java.lang.Class
	at org.springframework.beans.factory.support.AbstractAutowireCapableBeanFactory.initializeBean(AbstractAutowireCapableBeanFactory.java:1794) ~[spring-beans-5.2.8.RELEASE.jar:5.2.8.RELEASE]
	at org.springframework.beans.factory.support.AbstractAutowireCapableBeanFactory.doCreateBean(AbstractAutowireCapableBeanFactory.java:594) ~[spring-beans-5.2.8.RELEASE.jar:5.2.8.RELEASE]
	at org.springframework.beans.factory.support.AbstractAutowireCapableBeanFactory.createBean(AbstractAutowireCapableBeanFactory.java:516) ~[spring-beans-5.2.8.RELEASE.jar:5.2.8.RELEASE]
	at org.springframework.beans.factory.support.AbstractBeanFactory.lambda$doGetBean$0(AbstractBeanFactory.java:324) ~[spring-beans-5.2.8.RELEASE.jar:5.2.8.RELEASE]
	at org.springframework.beans.factory.support.DefaultSingletonBeanRegistry.getSingleton(DefaultSingletonBeanRegistry.java:226) ~[spring-beans-5.2.8.RELEASE.jar:5.2.8.RELEASE]
	at org.springframework.beans.factory.support.AbstractBeanFactory.doGetBean(AbstractBeanFactory.java:322) ~[spring-beans-5.2.8.RELEASE.jar:5.2.8.RELEASE]
	at org.springframework.beans.factory.support.AbstractBeanFactory.getBean(AbstractBeanFactory.java:202) ~[spring-beans-5.2.8.RELEASE.jar:5.2.8.RELEASE]
	at org.springframework.beans.factory.config.DependencyDescriptor.resolveCandidate(DependencyDescriptor.java:276) ~[spring-beans-5.2.8.RELEASE.jar:5.2.8.RELEASE]
	at org.springframework.beans.factory.support.DefaultListableBeanFactory.doResolveDependency(DefaultListableBeanFactory.java:1307) ~[spring-beans-5.2.8.RELEASE.jar:5.2.8.RELEASE]
	at org.springframework.beans.factory.support.DefaultListableBeanFactory.resolveDependency(DefaultListableBeanFactory.java:1227) ~[spring-beans-5.2.8.RELEASE.jar:5.2.8.RELEASE]
	at org.springframework.beans.factory.annotation.AutowiredAnnotationBeanPostProcessor$AutowiredFieldElement.inject(AutowiredAnnotationBeanPostProcessor.java:640) ~[spring-beans-5.2.8.RELEASE.jar:5.2.8.RELEASE]
	... 33 common frames omitted
Caused by: java.lang.IllegalArgumentException: Not a managed type: class java.lang.Class
	at org.hibernate.metamodel.internal.MetamodelImpl.managedType(MetamodelImpl.java:582) ~[hibernate-core-5.4.20.Final.jar:5.4.20.Final]
	at org.hibernate.metamodel.internal.MetamodelImpl.managedType(MetamodelImpl.java:85) ~[hibernate-core-5.4.20.Final.jar:5.4.20.Final]
	at org.springframework.data.jpa.repository.support.JpaMetamodelEntityInformation.<init>(JpaMetamodelEntityInformation.java:75) ~[spring-data-jpa-2.3.3.RELEASE.jar:2.3.3.RELEASE]
	at org.springframework.data.jpa.repository.support.JpaEntityInformationSupport.getEntityInformation(JpaEntityInformationSupport.java:66) ~[spring-data-jpa-2.3.3.RELEASE.jar:2.3.3.RELEASE]
	at org.springframework.data.jpa.repository.support.JpaRepositoryFactory.getEntityInformation(JpaRepositoryFactory.java:229) ~[spring-data-jpa-2.3.3.RELEASE.jar:2.3.3.RELEASE]
	at org.springframework.data.jpa.repository.support.JpaRepositoryFactory.getTargetRepository(JpaRepositoryFactory.java:179) ~[spring-data-jpa-2.3.3.RELEASE.jar:2.3.3.RELEASE]
	at org.springframework.data.jpa.repository.support.JpaRepositoryFactory.getTargetRepository(JpaRepositoryFactory.java:162) ~[spring-data-jpa-2.3.3.RELEASE.jar:2.3.3.RELEASE]
	at org.springframework.data.jpa.repository.support.JpaRepositoryFactory.getTargetRepository(JpaRepositoryFactory.java:72) ~[spring-data-jpa-2.3.3.RELEASE.jar:2.3.3.RELEASE]
	at org.springframework.data.repository.core.support.RepositoryFactorySupport.getRepository(RepositoryFactorySupport.java:309) ~[spring-data-commons-2.3.3.RELEASE.jar:2.3.3.RELEASE]
	at org.springframework.data.repository.core.support.RepositoryFactoryBeanSupport.lambda$afterPropertiesSet$5(RepositoryFactoryBeanSupport.java:297) ~[spring-data-commons-2.3.3.RELEASE.jar:2.3.3.RELEASE]
	at org.springframework.data.util.Lazy.getNullable(Lazy.java:212) ~[spring-data-commons-2.3.3.RELEASE.jar:2.3.3.RELEASE]
	at org.springframework.data.util.Lazy.get(Lazy.java:94) ~[spring-data-commons-2.3.3.RELEASE.jar:2.3.3.RELEASE]
	at org.springframework.data.repository.core.support.RepositoryFactoryBeanSupport.afterPropertiesSet(RepositoryFactoryBeanSupport.java:300) ~[spring-data-commons-2.3.3.RELEASE.jar:2.3.3.RELEASE]
	at org.springframework.data.jpa.repository.support.JpaRepositoryFactoryBean.afterPropertiesSet(JpaRepositoryFactoryBean.java:144) ~[spring-data-jpa-2.3.3.RELEASE.jar:2.3.3.RELEASE]
	at org.springframework.beans.factory.support.AbstractAutowireCapableBeanFactory.invokeInitMethods(AbstractAutowireCapableBeanFactory.java:1853) ~[spring-beans-5.2.8.RELEASE.jar:5.2.8.RELEASE]
	at org.springframework.beans.factory.support.AbstractAutowireCapableBeanFactory.initializeBean(AbstractAutowireCapableBeanFactory.java:1790) ~[spring-beans-5.2.8.RELEASE.jar:5.2.8.RELEASE]
	... 43 common frames omitted

2020-09-19 00:37:00.954  INFO 47426 --- [main] .TutorPreferenceSystemProjectApplication : Starting TutorPreferenceSystemProjectApplication on LeoSeo-MAC.local with PID 47426 (/Users/leoseo/Desktop/Swinburne/ARP/workspace/tpsp/target/classes started by leoseo in /Users/leoseo/Desktop/Swinburne/ARP/workspace/tpsp)
2020-09-19 00:37:00.956  INFO 47426 --- [main] .TutorPreferenceSystemProjectApplication : No active profile set, falling back to default profiles: default
2020-09-19 00:37:01.492  INFO 47426 --- [main] .s.d.r.c.RepositoryConfigurationDelegate : Bootstrapping Spring Data JPA repositories in DEFAULT mode.
2020-09-19 00:37:01.570  INFO 47426 --- [main] .s.d.r.c.RepositoryConfigurationDelegate : Finished Spring Data repository scanning in 70ms. Found 6 JPA repository interfaces.
2020-09-19 00:37:02.182  INFO 47426 --- [main] o.s.b.w.embedded.tomcat.TomcatWebServer  : Tomcat initialized with port(s): 8080 (http)
2020-09-19 00:37:02.192  INFO 47426 --- [main] o.apache.catalina.core.StandardService   : Starting service [Tomcat]
2020-09-19 00:37:02.193  INFO 47426 --- [main] org.apache.catalina.core.StandardEngine  : Starting Servlet engine: [Apache Tomcat/9.0.37]
2020-09-19 00:37:02.263  INFO 47426 --- [main] o.a.c.c.C.[Tomcat].[localhost].[/api]    : Initializing Spring embedded WebApplicationContext
2020-09-19 00:37:02.263  INFO 47426 --- [main] w.s.c.ServletWebServerApplicationContext : Root WebApplicationContext: initialization completed in 1218 ms
2020-09-19 00:37:02.492  INFO 47426 --- [main] com.zaxxer.hikari.HikariDataSource       : HikariPool-1 - Starting...
2020-09-19 00:37:03.002  INFO 47426 --- [main] com.zaxxer.hikari.HikariDataSource       : HikariPool-1 - Start completed.
2020-09-19 00:37:04.087  INFO 47426 --- [main] j.LocalContainerEntityManagerFactoryBean : Initialized JPA EntityManagerFactory for persistence unit 'default'
2020-09-19 00:37:04.564  WARN 47426 --- [main] JpaBaseConfiguration$JpaWebConfiguration : spring.jpa.open-in-view is enabled by default. Therefore, database queries may be performed during view rendering. Explicitly configure spring.jpa.open-in-view to disable this warning
2020-09-19 00:37:04.640  INFO 47426 --- [main] o.s.s.concurrent.ThreadPoolTaskExecutor  : Initializing ExecutorService 'applicationTaskExecutor'
2020-09-19 00:37:04.874  INFO 47426 --- [main] o.s.b.w.embedded.tomcat.TomcatWebServer  : Tomcat started on port(s): 8080 (http) with context path '/api'
2020-09-19 00:37:04.884  INFO 47426 --- [main] .TutorPreferenceSystemProjectApplication : Started TutorPreferenceSystemProjectApplication in 4.335 seconds (JVM running for 4.735)
2020-09-19 00:37:14.137  INFO 47426 --- [http-nio-8080-exec-1] o.a.c.c.C.[Tomcat].[localhost].[/api]    : Initializing Spring DispatcherServlet 'dispatcherServlet'
2020-09-19 00:37:14.138  INFO 47426 --- [http-nio-8080-exec-1] o.s.web.servlet.DispatcherServlet        : Initializing Servlet 'dispatcherServlet'
2020-09-19 00:37:14.152  INFO 47426 --- [http-nio-8080-exec-1] o.s.web.servlet.DispatcherServlet        : Completed initialization in 14 ms
2020-09-19 00:37:14.189  INFO 47426 --- [http-nio-8080-exec-1] com.core.tpsp.service.ExcelServiceImpl   : Loading applicant file ...
2020-09-19 00:37:14.424  INFO 47426 --- [http-nio-8080-exec-1] com.core.tpsp.service.ExcelServiceImpl   : Done loading application table apps [Application(applicationId=6, id=0, applicant=0a7733bb-95c0-45c0-a049-a08abf344706, appliedClass=42, pa=false, approved=false, preference=0), Application(applicationId=5, id=0, applicant=6601b220-9d66-43df-8242-d8a0736b4a10, appliedClass=36, pa=true, approved=true, preference=0), Application(applicationId=4, id=0, applicant=6601b220-9d66-43df-8242-d8a0736b4a10, appliedClass=51, pa=false, approved=false, preference=0), Application(applicationId=3, id=0, applicant=6601b220-9d66-43df-8242-d8a0736b4a10, appliedClass=40, pa=false, approved=false, preference=0), Application(applicationId=2, id=0, applicant=0a7733bb-95c0-45c0-a049-a08abf344706, appliedClass=33, pa=false, approved=false, preference=1), Application(applicationId=1, id=0, applicant=0a7733bb-95c0-45c0-a049-a08abf344706, appliedClass=36, pa=false, approved=false, preference=0)], userIds: [6601b220-9d66-43df-8242-d8a0736b4a10, 0a7733bb-95c0-45c0-a049-a08abf344706], clazzIds: [33, 51, 36, 40, 42]
2020-09-19 00:37:14.560  INFO 47426 --- [ForkJoinPool.commonPool-worker-2] com.core.tpsp.service.ExcelServiceImpl   : Done extracting user data {6601b220-9d66-43df-8242-d8a0736b4a10=UserDTO(id=6601b220-9d66-43df-8242-d8a0736b4a10, userName=matthew@applicant, firstName=Matthew, lastName=Applicant, email=null, linkedinUrl=null, role=null), 0a7733bb-95c0-45c0-a049-a08abf344706=UserDTO(id=0a7733bb-95c0-45c0-a049-a08abf344706, userName=timothy@applicant, firstName=Timothy, lastName=Applicant, email=null, linkedinUrl=null, role=null)}
2020-09-19 00:37:14.566  INFO 47426 --- [ForkJoinPool.commonPool-worker-1] com.core.tpsp.service.ExcelServiceImpl   : Done extracting class data {33=ClazzDTO(id=33, unitId=2, classType=Tutorial, tutorAllocated=null, allocated=false, approved=false, location=Hawthorn, room=null, year=2019, studyPeriod=Semester 2, dayOfWeek=Monday, startDate=01/01/2019 00:00:00, startTimeScheduled=01/01/1900 11:00:00, endTimeScheduled=01/01/1900 13:00:00), 51=ClazzDTO(id=51, unitId=5, classType=Lab, tutorAllocated=null, allocated=false, approved=false, location=Hawthorn, room=null, year=2019, studyPeriod=Semester 2, dayOfWeek=Friday, startDate=09/08/2019 00:00:00, startTimeScheduled=01/01/1900 13:30:00, endTimeScheduled=01/01/1900 14:30:00), 36=ClazzDTO(id=36, unitId=1, classType=Lecture, tutorAllocated=6601b220-9d66-43df-8242-d8a0736b4a10, allocated=true, approved=true, location=Hawthorn, room=null, year=2019, studyPeriod=Semester 2, dayOfWeek=Wednesday, startDate=07/08/2019 00:00:00, startTimeScheduled=01/01/1900 12:30:00, endTimeScheduled=01/01/1900 14:30:00), 40=ClazzDTO(id=40, unitId=1, classType=Tutorial, tutorAllocated=null, allocated=false, approved=false, location=Hawthorn, room=null, year=2019, studyPeriod=Semester 2, dayOfWeek=Friday, startDate=09/08/2019 00:00:00, startTimeScheduled=01/01/1900 12:30:00, endTimeScheduled=01/01/1900 14:30:00), 42=ClazzDTO(id=42, unitId=1, classType=Tutorial, tutorAllocated=null, allocated=false, approved=false, location=Hawthorn, room=null, year=2019, studyPeriod=Semester 2, dayOfWeek=Thursday, startDate=08/08/2019 00:00:00, startTimeScheduled=01/01/1900 14:30:00, endTimeScheduled=01/01/1900 16:30:00)}
2020-09-19 00:37:14.567  INFO 47426 --- [ForkJoinPool.commonPool-worker-1] com.core.tpsp.service.ExcelServiceImpl   : Successfully combined application data list: [[0, UserDTO(id=0a7733bb-95c0-45c0-a049-a08abf344706, userName=timothy@applicant, firstName=Timothy, lastName=Applicant, email=null, linkedinUrl=null, role=null), ClazzDTO(id=42, unitId=1, classType=Tutorial, tutorAllocated=null, allocated=false, approved=false, location=Hawthorn, room=null, year=2019, studyPeriod=Semester 2, dayOfWeek=Thursday, startDate=08/08/2019 00:00:00, startTimeScheduled=01/01/1900 14:30:00, endTimeScheduled=01/01/1900 16:30:00), false, false, 0], [0, UserDTO(id=6601b220-9d66-43df-8242-d8a0736b4a10, userName=matthew@applicant, firstName=Matthew, lastName=Applicant, email=null, linkedinUrl=null, role=null), ClazzDTO(id=36, unitId=1, classType=Lecture, tutorAllocated=6601b220-9d66-43df-8242-d8a0736b4a10, allocated=true, approved=true, location=Hawthorn, room=null, year=2019, studyPeriod=Semester 2, dayOfWeek=Wednesday, startDate=07/08/2019 00:00:00, startTimeScheduled=01/01/1900 12:30:00, endTimeScheduled=01/01/1900 14:30:00), true, true, 0], [0, UserDTO(id=6601b220-9d66-43df-8242-d8a0736b4a10, userName=matthew@applicant, firstName=Matthew, lastName=Applicant, email=null, linkedinUrl=null, role=null), ClazzDTO(id=51, unitId=5, classType=Lab, tutorAllocated=null, allocated=false, approved=false, location=Hawthorn, room=null, year=2019, studyPeriod=Semester 2, dayOfWeek=Friday, startDate=09/08/2019 00:00:00, startTimeScheduled=01/01/1900 13:30:00, endTimeScheduled=01/01/1900 14:30:00), false, false, 0], [0, UserDTO(id=6601b220-9d66-43df-8242-d8a0736b4a10, userName=matthew@applicant, firstName=Matthew, lastName=Applicant, email=null, linkedinUrl=null, role=null), ClazzDTO(id=40, unitId=1, classType=Tutorial, tutorAllocated=null, allocated=false, approved=false, location=Hawthorn, room=null, year=2019, studyPeriod=Semester 2, dayOfWeek=Friday, startDate=09/08/2019 00:00:00, startTimeScheduled=01/01/1900 12:30:00, endTimeScheduled=01/01/1900 14:30:00), false, false, 0], [0, UserDTO(id=0a7733bb-95c0-45c0-a049-a08abf344706, userName=timothy@applicant, firstName=Timothy, lastName=Applicant, email=null, linkedinUrl=null, role=null), ClazzDTO(id=33, unitId=2, classType=Tutorial, tutorAllocated=null, allocated=false, approved=false, location=Hawthorn, room=null, year=2019, studyPeriod=Semester 2, dayOfWeek=Monday, startDate=01/01/2019 00:00:00, startTimeScheduled=01/01/1900 11:00:00, endTimeScheduled=01/01/1900 13:00:00), false, false, 1], [0, UserDTO(id=0a7733bb-95c0-45c0-a049-a08abf344706, userName=timothy@applicant, firstName=Timothy, lastName=Applicant, email=null, linkedinUrl=null, role=null), ClazzDTO(id=36, unitId=1, classType=Lecture, tutorAllocated=6601b220-9d66-43df-8242-d8a0736b4a10, allocated=true, approved=true, location=Hawthorn, room=null, year=2019, studyPeriod=Semester 2, dayOfWeek=Wednesday, startDate=07/08/2019 00:00:00, startTimeScheduled=01/01/1900 12:30:00, endTimeScheduled=01/01/1900 14:30:00), false, false, 0]] 
2020-09-19 00:37:14.568  INFO 47426 --- [http-nio-8080-exec-1] com.core.tpsp.utils.ExcelHelper          : Begin creating excel workbook Applications ...
2020-09-19 00:37:15.098  INFO 47426 --- [http-nio-8080-exec-1] com.core.tpsp.utils.ExcelHelper          : Finished header ["ApplicationID","Applicant","AppliedClass","Approved","ProvisionallyAllocated","Preferrence"]...
2020-09-19 00:37:15.144  INFO 47426 --- [http-nio-8080-exec-1] com.core.tpsp.utils.ExcelHelper          : Finished row [0,{"id":"0a7733bb-95c0-45c0-a049-a08abf344706","userName":"timothy@applicant","firstName":"Timothy","lastName":"Applicant"},{"id":42,"unitId":1,"classType":"Tutorial","allocated":false,"approved":false,"location":"Hawthorn","year":"2019","studyPeriod":"Semester 2","dayOfWeek":"Thursday","startDate":"08/08/2019 00:00:00","startTimeScheduled":"01/01/1900 14:30:00","endTimeScheduled":"01/01/1900 16:30:00"},false,false,0]...
2020-09-19 00:37:15.148  INFO 47426 --- [http-nio-8080-exec-1] com.core.tpsp.utils.ExcelHelper          : Finished row [0,{"id":"6601b220-9d66-43df-8242-d8a0736b4a10","userName":"matthew@applicant","firstName":"Matthew","lastName":"Applicant"},{"id":36,"unitId":1,"classType":"Lecture","tutorAllocated":"6601b220-9d66-43df-8242-d8a0736b4a10","allocated":true,"approved":true,"location":"Hawthorn","year":"2019","studyPeriod":"Semester 2","dayOfWeek":"Wednesday","startDate":"07/08/2019 00:00:00","startTimeScheduled":"01/01/1900 12:30:00","endTimeScheduled":"01/01/1900 14:30:00"},true,true,0]...
2020-09-19 00:37:15.151  INFO 47426 --- [http-nio-8080-exec-1] com.core.tpsp.utils.ExcelHelper          : Finished row [0,{"id":"6601b220-9d66-43df-8242-d8a0736b4a10","userName":"matthew@applicant","firstName":"Matthew","lastName":"Applicant"},{"id":51,"unitId":5,"classType":"Lab","allocated":false,"approved":false,"location":"Hawthorn","year":"2019","studyPeriod":"Semester 2","dayOfWeek":"Friday","startDate":"09/08/2019 00:00:00","startTimeScheduled":"01/01/1900 13:30:00","endTimeScheduled":"01/01/1900 14:30:00"},false,false,0]...
2020-09-19 00:37:15.153  INFO 47426 --- [http-nio-8080-exec-1] com.core.tpsp.utils.ExcelHelper          : Finished row [0,{"id":"6601b220-9d66-43df-8242-d8a0736b4a10","userName":"matthew@applicant","firstName":"Matthew","lastName":"Applicant"},{"id":40,"unitId":1,"classType":"Tutorial","allocated":false,"approved":false,"location":"Hawthorn","year":"2019","studyPeriod":"Semester 2","dayOfWeek":"Friday","startDate":"09/08/2019 00:00:00","startTimeScheduled":"01/01/1900 12:30:00","endTimeScheduled":"01/01/1900 14:30:00"},false,false,0]...
2020-09-19 00:37:15.155  INFO 47426 --- [http-nio-8080-exec-1] com.core.tpsp.utils.ExcelHelper          : Finished row [0,{"id":"0a7733bb-95c0-45c0-a049-a08abf344706","userName":"timothy@applicant","firstName":"Timothy","lastName":"Applicant"},{"id":33,"unitId":2,"classType":"Tutorial","allocated":false,"approved":false,"location":"Hawthorn","year":"2019","studyPeriod":"Semester 2","dayOfWeek":"Monday","startDate":"01/01/2019 00:00:00","startTimeScheduled":"01/01/1900 11:00:00","endTimeScheduled":"01/01/1900 13:00:00"},false,false,1]...
2020-09-19 00:37:15.156  INFO 47426 --- [http-nio-8080-exec-1] com.core.tpsp.utils.ExcelHelper          : Finished row [0,{"id":"0a7733bb-95c0-45c0-a049-a08abf344706","userName":"timothy@applicant","firstName":"Timothy","lastName":"Applicant"},{"id":36,"unitId":1,"classType":"Lecture","tutorAllocated":"6601b220-9d66-43df-8242-d8a0736b4a10","allocated":true,"approved":true,"location":"Hawthorn","year":"2019","studyPeriod":"Semester 2","dayOfWeek":"Wednesday","startDate":"07/08/2019 00:00:00","startTimeScheduled":"01/01/1900 12:30:00","endTimeScheduled":"01/01/1900 14:30:00"},false,false,0]...
2020-09-19 00:37:15.537  INFO 47426 --- [http-nio-8080-exec-1] com.core.tpsp.service.ExcelServiceImpl   : Done creating excel data ...
2020-09-19 00:58:13.079  INFO 47426 --- [SpringContextShutdownHook] o.s.s.concurrent.ThreadPoolTaskExecutor  : Shutting down ExecutorService 'applicationTaskExecutor'
2020-09-19 00:58:13.085  INFO 47426 --- [SpringContextShutdownHook] j.LocalContainerEntityManagerFactoryBean : Closing JPA EntityManagerFactory for persistence unit 'default'
2020-09-19 00:58:13.117  INFO 47426 --- [SpringContextShutdownHook] com.zaxxer.hikari.HikariDataSource       : HikariPool-1 - Shutdown initiated...
2020-09-19 00:58:13.121  INFO 47426 --- [SpringContextShutdownHook] com.zaxxer.hikari.HikariDataSource       : HikariPool-1 - Shutdown completed.
2020-09-19 01:20:49.440  INFO 55796 --- [main] .TutorPreferenceSystemProjectApplication : Starting TutorPreferenceSystemProjectApplication on LeoSeo-MAC.local with PID 55796 (/Users/leoseo/Desktop/Swinburne/ARP/workspace/tpsp/target/classes started by leoseo in /Users/leoseo/Desktop/Swinburne/ARP/workspace/tpsp)
2020-09-19 01:20:49.442  INFO 55796 --- [main] .TutorPreferenceSystemProjectApplication : No active profile set, falling back to default profiles: default
2020-09-19 01:20:49.906  INFO 55796 --- [main] .s.d.r.c.RepositoryConfigurationDelegate : Bootstrapping Spring Data JPA repositories in DEFAULT mode.
2020-09-19 01:20:49.986  INFO 55796 --- [main] .s.d.r.c.RepositoryConfigurationDelegate : Finished Spring Data repository scanning in 72ms. Found 7 JPA repository interfaces.
2020-09-19 01:20:50.632  INFO 55796 --- [main] o.s.b.w.embedded.tomcat.TomcatWebServer  : Tomcat initialized with port(s): 8080 (http)
2020-09-19 01:20:50.643  INFO 55796 --- [main] o.apache.catalina.core.StandardService   : Starting service [Tomcat]
2020-09-19 01:20:50.644  INFO 55796 --- [main] org.apache.catalina.core.StandardEngine  : Starting Servlet engine: [Apache Tomcat/9.0.37]
2020-09-19 01:20:50.759  INFO 55796 --- [main] o.a.c.c.C.[Tomcat].[localhost].[/api]    : Initializing Spring embedded WebApplicationContext
2020-09-19 01:20:50.759  INFO 55796 --- [main] w.s.c.ServletWebServerApplicationContext : Root WebApplicationContext: initialization completed in 1245 ms
2020-09-19 01:20:50.984  INFO 55796 --- [main] com.zaxxer.hikari.HikariDataSource       : HikariPool-1 - Starting...
2020-09-19 01:20:52.009  INFO 55796 --- [main] com.zaxxer.hikari.HikariDataSource       : HikariPool-1 - Start completed.
2020-09-19 01:20:53.030  INFO 55796 --- [main] j.LocalContainerEntityManagerFactoryBean : Initialized JPA EntityManagerFactory for persistence unit 'default'
2020-09-19 01:20:53.608  WARN 55796 --- [main] ConfigServletWebServerApplicationContext : Exception encountered during context initialization - cancelling refresh attempt: org.springframework.beans.factory.UnsatisfiedDependencyException: Error creating bean with name 'excelController': Unsatisfied dependency expressed through field 'excelService'; nested exception is org.springframework.beans.factory.UnsatisfiedDependencyException: Error creating bean with name 'excelServiceImpl': Unsatisfied dependency expressed through field 'unitRepo'; nested exception is org.springframework.beans.factory.BeanCreationException: Error creating bean with name 'unitRepo' defined in com.core.tpsp.repo.UnitRepo defined in @EnableJpaRepositories declared on TutorPreferenceSystemProjectApplication: Invocation of init method failed; nested exception is java.lang.IllegalArgumentException: Failed to create query for method public abstract java.util.List com.core.tpsp.repo.UnitRepo.findByIdIn(java.util.Set)! Unable to locate Attribute  with the the given name [id] on this ManagedType [com.core.tpsp.entity.Unit]
2020-09-19 01:20:53.610  INFO 55796 --- [main] j.LocalContainerEntityManagerFactoryBean : Closing JPA EntityManagerFactory for persistence unit 'default'
2020-09-19 01:20:53.612  INFO 55796 --- [main] com.zaxxer.hikari.HikariDataSource       : HikariPool-1 - Shutdown initiated...
2020-09-19 01:20:53.615  INFO 55796 --- [main] com.zaxxer.hikari.HikariDataSource       : HikariPool-1 - Shutdown completed.
2020-09-19 01:20:53.617  INFO 55796 --- [main] o.apache.catalina.core.StandardService   : Stopping service [Tomcat]
2020-09-19 01:20:53.627  INFO 55796 --- [main] ConditionEvaluationReportLoggingListener : 

Error starting ApplicationContext. To display the conditions report re-run your application with 'debug' enabled.
2020-09-19 01:20:53.640 ERROR 55796 --- [main] o.s.boot.SpringApplication               : Application run failed

org.springframework.beans.factory.UnsatisfiedDependencyException: Error creating bean with name 'excelController': Unsatisfied dependency expressed through field 'excelService'; nested exception is org.springframework.beans.factory.UnsatisfiedDependencyException: Error creating bean with name 'excelServiceImpl': Unsatisfied dependency expressed through field 'unitRepo'; nested exception is org.springframework.beans.factory.BeanCreationException: Error creating bean with name 'unitRepo' defined in com.core.tpsp.repo.UnitRepo defined in @EnableJpaRepositories declared on TutorPreferenceSystemProjectApplication: Invocation of init method failed; nested exception is java.lang.IllegalArgumentException: Failed to create query for method public abstract java.util.List com.core.tpsp.repo.UnitRepo.findByIdIn(java.util.Set)! Unable to locate Attribute  with the the given name [id] on this ManagedType [com.core.tpsp.entity.Unit]
	at org.springframework.beans.factory.annotation.AutowiredAnnotationBeanPostProcessor$AutowiredFieldElement.inject(AutowiredAnnotationBeanPostProcessor.java:643) ~[spring-beans-5.2.8.RELEASE.jar:5.2.8.RELEASE]
	at org.springframework.beans.factory.annotation.InjectionMetadata.inject(InjectionMetadata.java:130) ~[spring-beans-5.2.8.RELEASE.jar:5.2.8.RELEASE]
	at org.springframework.beans.factory.annotation.AutowiredAnnotationBeanPostProcessor.postProcessProperties(AutowiredAnnotationBeanPostProcessor.java:399) ~[spring-beans-5.2.8.RELEASE.jar:5.2.8.RELEASE]
	at org.springframework.beans.factory.support.AbstractAutowireCapableBeanFactory.populateBean(AbstractAutowireCapableBeanFactory.java:1420) ~[spring-beans-5.2.8.RELEASE.jar:5.2.8.RELEASE]
	at org.springframework.beans.factory.support.AbstractAutowireCapableBeanFactory.doCreateBean(AbstractAutowireCapableBeanFactory.java:593) ~[spring-beans-5.2.8.RELEASE.jar:5.2.8.RELEASE]
	at org.springframework.beans.factory.support.AbstractAutowireCapableBeanFactory.createBean(AbstractAutowireCapableBeanFactory.java:516) ~[spring-beans-5.2.8.RELEASE.jar:5.2.8.RELEASE]
	at org.springframework.beans.factory.support.AbstractBeanFactory.lambda$doGetBean$0(AbstractBeanFactory.java:324) ~[spring-beans-5.2.8.RELEASE.jar:5.2.8.RELEASE]
	at org.springframework.beans.factory.support.DefaultSingletonBeanRegistry.getSingleton(DefaultSingletonBeanRegistry.java:226) ~[spring-beans-5.2.8.RELEASE.jar:5.2.8.RELEASE]
	at org.springframework.beans.factory.support.AbstractBeanFactory.doGetBean(AbstractBeanFactory.java:322) ~[spring-beans-5.2.8.RELEASE.jar:5.2.8.RELEASE]
	at org.springframework.beans.factory.support.AbstractBeanFactory.getBean(AbstractBeanFactory.java:202) ~[spring-beans-5.2.8.RELEASE.jar:5.2.8.RELEASE]
	at org.springframework.beans.factory.support.DefaultListableBeanFactory.preInstantiateSingletons(DefaultListableBeanFactory.java:897) ~[spring-beans-5.2.8.RELEASE.jar:5.2.8.RELEASE]
	at org.springframework.context.support.AbstractApplicationContext.finishBeanFactoryInitialization(AbstractApplicationContext.java:879) ~[spring-context-5.2.8.RELEASE.jar:5.2.8.RELEASE]
	at org.springframework.context.support.AbstractApplicationContext.refresh(AbstractApplicationContext.java:551) ~[spring-context-5.2.8.RELEASE.jar:5.2.8.RELEASE]
	at org.springframework.boot.web.servlet.context.ServletWebServerApplicationContext.refresh(ServletWebServerApplicationContext.java:143) ~[spring-boot-2.3.3.RELEASE.jar:2.3.3.RELEASE]
	at org.springframework.boot.SpringApplication.refresh(SpringApplication.java:758) [spring-boot-2.3.3.RELEASE.jar:2.3.3.RELEASE]
	at org.springframework.boot.SpringApplication.refresh(SpringApplication.java:750) [spring-boot-2.3.3.RELEASE.jar:2.3.3.RELEASE]
	at org.springframework.boot.SpringApplication.refreshContext(SpringApplication.java:397) [spring-boot-2.3.3.RELEASE.jar:2.3.3.RELEASE]
	at org.springframework.boot.SpringApplication.run(SpringApplication.java:315) [spring-boot-2.3.3.RELEASE.jar:2.3.3.RELEASE]
	at org.springframework.boot.SpringApplication.run(SpringApplication.java:1237) [spring-boot-2.3.3.RELEASE.jar:2.3.3.RELEASE]
	at org.springframework.boot.SpringApplication.run(SpringApplication.java:1226) [spring-boot-2.3.3.RELEASE.jar:2.3.3.RELEASE]
	at com.core.tpsp.TutorPreferenceSystemProjectApplication.main(TutorPreferenceSystemProjectApplication.java:16) [classes/:na]
Caused by: org.springframework.beans.factory.UnsatisfiedDependencyException: Error creating bean with name 'excelServiceImpl': Unsatisfied dependency expressed through field 'unitRepo'; nested exception is org.springframework.beans.factory.BeanCreationException: Error creating bean with name 'unitRepo' defined in com.core.tpsp.repo.UnitRepo defined in @EnableJpaRepositories declared on TutorPreferenceSystemProjectApplication: Invocation of init method failed; nested exception is java.lang.IllegalArgumentException: Failed to create query for method public abstract java.util.List com.core.tpsp.repo.UnitRepo.findByIdIn(java.util.Set)! Unable to locate Attribute  with the the given name [id] on this ManagedType [com.core.tpsp.entity.Unit]
	at org.springframework.beans.factory.annotation.AutowiredAnnotationBeanPostProcessor$AutowiredFieldElement.inject(AutowiredAnnotationBeanPostProcessor.java:643) ~[spring-beans-5.2.8.RELEASE.jar:5.2.8.RELEASE]
	at org.springframework.beans.factory.annotation.InjectionMetadata.inject(InjectionMetadata.java:130) ~[spring-beans-5.2.8.RELEASE.jar:5.2.8.RELEASE]
	at org.springframework.beans.factory.annotation.AutowiredAnnotationBeanPostProcessor.postProcessProperties(AutowiredAnnotationBeanPostProcessor.java:399) ~[spring-beans-5.2.8.RELEASE.jar:5.2.8.RELEASE]
	at org.springframework.beans.factory.support.AbstractAutowireCapableBeanFactory.populateBean(AbstractAutowireCapableBeanFactory.java:1420) ~[spring-beans-5.2.8.RELEASE.jar:5.2.8.RELEASE]
	at org.springframework.beans.factory.support.AbstractAutowireCapableBeanFactory.doCreateBean(AbstractAutowireCapableBeanFactory.java:593) ~[spring-beans-5.2.8.RELEASE.jar:5.2.8.RELEASE]
	at org.springframework.beans.factory.support.AbstractAutowireCapableBeanFactory.createBean(AbstractAutowireCapableBeanFactory.java:516) ~[spring-beans-5.2.8.RELEASE.jar:5.2.8.RELEASE]
	at org.springframework.beans.factory.support.AbstractBeanFactory.lambda$doGetBean$0(AbstractBeanFactory.java:324) ~[spring-beans-5.2.8.RELEASE.jar:5.2.8.RELEASE]
	at org.springframework.beans.factory.support.DefaultSingletonBeanRegistry.getSingleton(DefaultSingletonBeanRegistry.java:226) ~[spring-beans-5.2.8.RELEASE.jar:5.2.8.RELEASE]
	at org.springframework.beans.factory.support.AbstractBeanFactory.doGetBean(AbstractBeanFactory.java:322) ~[spring-beans-5.2.8.RELEASE.jar:5.2.8.RELEASE]
	at org.springframework.beans.factory.support.AbstractBeanFactory.getBean(AbstractBeanFactory.java:202) ~[spring-beans-5.2.8.RELEASE.jar:5.2.8.RELEASE]
	at org.springframework.beans.factory.config.DependencyDescriptor.resolveCandidate(DependencyDescriptor.java:276) ~[spring-beans-5.2.8.RELEASE.jar:5.2.8.RELEASE]
	at org.springframework.beans.factory.support.DefaultListableBeanFactory.doResolveDependency(DefaultListableBeanFactory.java:1307) ~[spring-beans-5.2.8.RELEASE.jar:5.2.8.RELEASE]
	at org.springframework.beans.factory.support.DefaultListableBeanFactory.resolveDependency(DefaultListableBeanFactory.java:1227) ~[spring-beans-5.2.8.RELEASE.jar:5.2.8.RELEASE]
	at org.springframework.beans.factory.annotation.AutowiredAnnotationBeanPostProcessor$AutowiredFieldElement.inject(AutowiredAnnotationBeanPostProcessor.java:640) ~[spring-beans-5.2.8.RELEASE.jar:5.2.8.RELEASE]
	... 20 common frames omitted
Caused by: org.springframework.beans.factory.BeanCreationException: Error creating bean with name 'unitRepo' defined in com.core.tpsp.repo.UnitRepo defined in @EnableJpaRepositories declared on TutorPreferenceSystemProjectApplication: Invocation of init method failed; nested exception is java.lang.IllegalArgumentException: Failed to create query for method public abstract java.util.List com.core.tpsp.repo.UnitRepo.findByIdIn(java.util.Set)! Unable to locate Attribute  with the the given name [id] on this ManagedType [com.core.tpsp.entity.Unit]
	at org.springframework.beans.factory.support.AbstractAutowireCapableBeanFactory.initializeBean(AbstractAutowireCapableBeanFactory.java:1794) ~[spring-beans-5.2.8.RELEASE.jar:5.2.8.RELEASE]
	at org.springframework.beans.factory.support.AbstractAutowireCapableBeanFactory.doCreateBean(AbstractAutowireCapableBeanFactory.java:594) ~[spring-beans-5.2.8.RELEASE.jar:5.2.8.RELEASE]
	at org.springframework.beans.factory.support.AbstractAutowireCapableBeanFactory.createBean(AbstractAutowireCapableBeanFactory.java:516) ~[spring-beans-5.2.8.RELEASE.jar:5.2.8.RELEASE]
	at org.springframework.beans.factory.support.AbstractBeanFactory.lambda$doGetBean$0(AbstractBeanFactory.java:324) ~[spring-beans-5.2.8.RELEASE.jar:5.2.8.RELEASE]
	at org.springframework.beans.factory.support.DefaultSingletonBeanRegistry.getSingleton(DefaultSingletonBeanRegistry.java:226) ~[spring-beans-5.2.8.RELEASE.jar:5.2.8.RELEASE]
	at org.springframework.beans.factory.support.AbstractBeanFactory.doGetBean(AbstractBeanFactory.java:322) ~[spring-beans-5.2.8.RELEASE.jar:5.2.8.RELEASE]
	at org.springframework.beans.factory.support.AbstractBeanFactory.getBean(AbstractBeanFactory.java:202) ~[spring-beans-5.2.8.RELEASE.jar:5.2.8.RELEASE]
	at org.springframework.beans.factory.config.DependencyDescriptor.resolveCandidate(DependencyDescriptor.java:276) ~[spring-beans-5.2.8.RELEASE.jar:5.2.8.RELEASE]
	at org.springframework.beans.factory.support.DefaultListableBeanFactory.doResolveDependency(DefaultListableBeanFactory.java:1307) ~[spring-beans-5.2.8.RELEASE.jar:5.2.8.RELEASE]
	at org.springframework.beans.factory.support.DefaultListableBeanFactory.resolveDependency(DefaultListableBeanFactory.java:1227) ~[spring-beans-5.2.8.RELEASE.jar:5.2.8.RELEASE]
	at org.springframework.beans.factory.annotation.AutowiredAnnotationBeanPostProcessor$AutowiredFieldElement.inject(AutowiredAnnotationBeanPostProcessor.java:640) ~[spring-beans-5.2.8.RELEASE.jar:5.2.8.RELEASE]
	... 33 common frames omitted
Caused by: java.lang.IllegalArgumentException: Failed to create query for method public abstract java.util.List com.core.tpsp.repo.UnitRepo.findByIdIn(java.util.Set)! Unable to locate Attribute  with the the given name [id] on this ManagedType [com.core.tpsp.entity.Unit]
	at org.springframework.data.jpa.repository.query.PartTreeJpaQuery.<init>(PartTreeJpaQuery.java:96) ~[spring-data-jpa-2.3.3.RELEASE.jar:2.3.3.RELEASE]
	at org.springframework.data.jpa.repository.query.JpaQueryLookupStrategy$CreateQueryLookupStrategy.resolveQuery(JpaQueryLookupStrategy.java:107) ~[spring-data-jpa-2.3.3.RELEASE.jar:2.3.3.RELEASE]
	at org.springframework.data.jpa.repository.query.JpaQueryLookupStrategy$CreateIfNotFoundQueryLookupStrategy.resolveQuery(JpaQueryLookupStrategy.java:218) ~[spring-data-jpa-2.3.3.RELEASE.jar:2.3.3.RELEASE]
	at org.springframework.data.jpa.repository.query.JpaQueryLookupStrategy$AbstractQueryLookupStrategy.resolveQuery(JpaQueryLookupStrategy.java:81) ~[spring-data-jpa-2.3.3.RELEASE.jar:2.3.3.RELEASE]
	at org.springframework.data.repository.core.support.QueryExecutorMethodInterceptor.lookupQuery(QueryExecutorMethodInterceptor.java:99) ~[spring-data-commons-2.3.3.RELEASE.jar:2.3.3.RELEASE]
	at org.springframework.data.repository.core.support.QueryExecutorMethodInterceptor.lambda$mapMethodsToQuery$1(QueryExecutorMethodInterceptor.java:92) ~[spring-data-commons-2.3.3.RELEASE.jar:2.3.3.RELEASE]
	at java.util.stream.ReferencePipeline$3$1.accept(ReferencePipeline.java:193) ~[na:1.8.0_221]
	at java.util.Iterator.forEachRemaining(Iterator.java:116) ~[na:1.8.0_221]
	at java.util.Collections$UnmodifiableCollection$1.forEachRemaining(Collections.java:1051) ~[na:1.8.0_221]
	at java.util.Spliterators$IteratorSpliterator.forEachRemaining(Spliterators.java:1801) ~[na:1.8.0_221]
	at java.util.stream.AbstractPipeline.copyInto(AbstractPipeline.java:482) ~[na:1.8.0_221]
	at java.util.stream.AbstractPipeline.wrapAndCopyInto(AbstractPipeline.java:472) ~[na:1.8.0_221]
	at java.util.stream.ReduceOps$ReduceOp.evaluateSequential(ReduceOps.java:708) ~[na:1.8.0_221]
	at java.util.stream.AbstractPipeline.evaluate(AbstractPipeline.java:234) ~[na:1.8.0_221]
	at java.util.stream.ReferencePipeline.collect(ReferencePipeline.java:499) ~[na:1.8.0_221]
	at org.springframework.data.repository.core.support.QueryExecutorMethodInterceptor.mapMethodsToQuery(QueryExecutorMethodInterceptor.java:94) ~[spring-data-commons-2.3.3.RELEASE.jar:2.3.3.RELEASE]
	at org.springframework.data.repository.core.support.QueryExecutorMethodInterceptor.lambda$new$0(QueryExecutorMethodInterceptor.java:84) ~[spring-data-commons-2.3.3.RELEASE.jar:2.3.3.RELEASE]
	at java.util.Optional.map(Optional.java:215) ~[na:1.8.0_221]
	at org.springframework.data.repository.core.support.QueryExecutorMethodInterceptor.<init>(QueryExecutorMethodInterceptor.java:84) ~[spring-data-commons-2.3.3.RELEASE.jar:2.3.3.RELEASE]
	at org.springframework.data.repository.core.support.RepositoryFactorySupport.getRepository(RepositoryFactorySupport.java:331) ~[spring-data-commons-2.3.3.RELEASE.jar:2.3.3.RELEASE]
	at org.springframework.data.repository.core.support.RepositoryFactoryBeanSupport.lambda$afterPropertiesSet$5(RepositoryFactoryBeanSupport.java:297) ~[spring-data-commons-2.3.3.RELEASE.jar:2.3.3.RELEASE]
	at org.springframework.data.util.Lazy.getNullable(Lazy.java:212) ~[spring-data-commons-2.3.3.RELEASE.jar:2.3.3.RELEASE]
	at org.springframework.data.util.Lazy.get(Lazy.java:94) ~[spring-data-commons-2.3.3.RELEASE.jar:2.3.3.RELEASE]
	at org.springframework.data.repository.core.support.RepositoryFactoryBeanSupport.afterPropertiesSet(RepositoryFactoryBeanSupport.java:300) ~[spring-data-commons-2.3.3.RELEASE.jar:2.3.3.RELEASE]
	at org.springframework.data.jpa.repository.support.JpaRepositoryFactoryBean.afterPropertiesSet(JpaRepositoryFactoryBean.java:144) ~[spring-data-jpa-2.3.3.RELEASE.jar:2.3.3.RELEASE]
	at org.springframework.beans.factory.support.AbstractAutowireCapableBeanFactory.invokeInitMethods(AbstractAutowireCapableBeanFactory.java:1853) ~[spring-beans-5.2.8.RELEASE.jar:5.2.8.RELEASE]
	at org.springframework.beans.factory.support.AbstractAutowireCapableBeanFactory.initializeBean(AbstractAutowireCapableBeanFactory.java:1790) ~[spring-beans-5.2.8.RELEASE.jar:5.2.8.RELEASE]
	... 43 common frames omitted
Caused by: java.lang.IllegalArgumentException: Unable to locate Attribute  with the the given name [id] on this ManagedType [com.core.tpsp.entity.Unit]
	at org.hibernate.metamodel.model.domain.internal.AbstractManagedType.checkNotNull(AbstractManagedType.java:147) ~[hibernate-core-5.4.20.Final.jar:5.4.20.Final]
	at org.hibernate.metamodel.model.domain.internal.AbstractManagedType.getAttribute(AbstractManagedType.java:118) ~[hibernate-core-5.4.20.Final.jar:5.4.20.Final]
	at org.hibernate.metamodel.model.domain.internal.AbstractManagedType.getAttribute(AbstractManagedType.java:43) ~[hibernate-core-5.4.20.Final.jar:5.4.20.Final]
	at org.springframework.data.jpa.repository.query.QueryUtils.toExpressionRecursively(QueryUtils.java:635) ~[spring-data-jpa-2.3.3.RELEASE.jar:2.3.3.RELEASE]
	at org.springframework.data.jpa.repository.query.QueryUtils.toExpressionRecursively(QueryUtils.java:619) ~[spring-data-jpa-2.3.3.RELEASE.jar:2.3.3.RELEASE]
	at org.springframework.data.jpa.repository.query.JpaQueryCreator$PredicateBuilder.getTypedPath(JpaQueryCreator.java:385) ~[spring-data-jpa-2.3.3.RELEASE.jar:2.3.3.RELEASE]
	at org.springframework.data.jpa.repository.query.JpaQueryCreator$PredicateBuilder.build(JpaQueryCreator.java:277) ~[spring-data-jpa-2.3.3.RELEASE.jar:2.3.3.RELEASE]
	at org.springframework.data.jpa.repository.query.JpaQueryCreator.toPredicate(JpaQueryCreator.java:211) ~[spring-data-jpa-2.3.3.RELEASE.jar:2.3.3.RELEASE]
	at org.springframework.data.jpa.repository.query.JpaQueryCreator.create(JpaQueryCreator.java:124) ~[spring-data-jpa-2.3.3.RELEASE.jar:2.3.3.RELEASE]
	at org.springframework.data.jpa.repository.query.JpaQueryCreator.create(JpaQueryCreator.java:59) ~[spring-data-jpa-2.3.3.RELEASE.jar:2.3.3.RELEASE]
	at org.springframework.data.repository.query.parser.AbstractQueryCreator.createCriteria(AbstractQueryCreator.java:119) ~[spring-data-commons-2.3.3.RELEASE.jar:2.3.3.RELEASE]
	at org.springframework.data.repository.query.parser.AbstractQueryCreator.createQuery(AbstractQueryCreator.java:95) ~[spring-data-commons-2.3.3.RELEASE.jar:2.3.3.RELEASE]
	at org.springframework.data.repository.query.parser.AbstractQueryCreator.createQuery(AbstractQueryCreator.java:81) ~[spring-data-commons-2.3.3.RELEASE.jar:2.3.3.RELEASE]
	at org.springframework.data.jpa.repository.query.PartTreeJpaQuery$QueryPreparer.<init>(PartTreeJpaQuery.java:217) ~[spring-data-jpa-2.3.3.RELEASE.jar:2.3.3.RELEASE]
	at org.springframework.data.jpa.repository.query.PartTreeJpaQuery$CountQueryPreparer.<init>(PartTreeJpaQuery.java:348) ~[spring-data-jpa-2.3.3.RELEASE.jar:2.3.3.RELEASE]
	at org.springframework.data.jpa.repository.query.PartTreeJpaQuery.<init>(PartTreeJpaQuery.java:91) ~[spring-data-jpa-2.3.3.RELEASE.jar:2.3.3.RELEASE]
	... 69 common frames omitted

2020-09-19 01:22:02.747  INFO 56072 --- [main] .TutorPreferenceSystemProjectApplication : Starting TutorPreferenceSystemProjectApplication on LeoSeo-MAC.local with PID 56072 (/Users/leoseo/Desktop/Swinburne/ARP/workspace/tpsp/target/classes started by leoseo in /Users/leoseo/Desktop/Swinburne/ARP/workspace/tpsp)
2020-09-19 01:22:02.750  INFO 56072 --- [main] .TutorPreferenceSystemProjectApplication : No active profile set, falling back to default profiles: default
2020-09-19 01:22:03.268  INFO 56072 --- [main] .s.d.r.c.RepositoryConfigurationDelegate : Bootstrapping Spring Data JPA repositories in DEFAULT mode.
2020-09-19 01:22:03.342  INFO 56072 --- [main] .s.d.r.c.RepositoryConfigurationDelegate : Finished Spring Data repository scanning in 65ms. Found 7 JPA repository interfaces.
2020-09-19 01:22:03.974  INFO 56072 --- [main] o.s.b.w.embedded.tomcat.TomcatWebServer  : Tomcat initialized with port(s): 8080 (http)
2020-09-19 01:22:03.987  INFO 56072 --- [main] o.apache.catalina.core.StandardService   : Starting service [Tomcat]
2020-09-19 01:22:03.988  INFO 56072 --- [main] org.apache.catalina.core.StandardEngine  : Starting Servlet engine: [Apache Tomcat/9.0.37]
2020-09-19 01:22:04.065  INFO 56072 --- [main] o.a.c.c.C.[Tomcat].[localhost].[/api]    : Initializing Spring embedded WebApplicationContext
2020-09-19 01:22:04.065  INFO 56072 --- [main] w.s.c.ServletWebServerApplicationContext : Root WebApplicationContext: initialization completed in 1234 ms
2020-09-19 01:22:04.309  INFO 56072 --- [main] com.zaxxer.hikari.HikariDataSource       : HikariPool-1 - Starting...
2020-09-19 01:22:04.845  INFO 56072 --- [main] com.zaxxer.hikari.HikariDataSource       : HikariPool-1 - Start completed.
2020-09-19 01:22:05.866  INFO 56072 --- [main] j.LocalContainerEntityManagerFactoryBean : Initialized JPA EntityManagerFactory for persistence unit 'default'
2020-09-19 01:22:06.416  WARN 56072 --- [main] JpaBaseConfiguration$JpaWebConfiguration : spring.jpa.open-in-view is enabled by default. Therefore, database queries may be performed during view rendering. Explicitly configure spring.jpa.open-in-view to disable this warning
2020-09-19 01:22:06.500  INFO 56072 --- [main] o.s.s.concurrent.ThreadPoolTaskExecutor  : Initializing ExecutorService 'applicationTaskExecutor'
2020-09-19 01:22:06.709  INFO 56072 --- [main] o.s.b.w.embedded.tomcat.TomcatWebServer  : Tomcat started on port(s): 8080 (http) with context path '/api'
2020-09-19 01:22:06.719  INFO 56072 --- [main] .TutorPreferenceSystemProjectApplication : Started TutorPreferenceSystemProjectApplication in 4.344 seconds (JVM running for 4.764)
2020-09-19 01:22:14.617  INFO 56072 --- [http-nio-8080-exec-1] o.a.c.c.C.[Tomcat].[localhost].[/api]    : Initializing Spring DispatcherServlet 'dispatcherServlet'
2020-09-19 01:22:14.617  INFO 56072 --- [http-nio-8080-exec-1] o.s.web.servlet.DispatcherServlet        : Initializing Servlet 'dispatcherServlet'
2020-09-19 01:22:14.626  INFO 56072 --- [http-nio-8080-exec-1] o.s.web.servlet.DispatcherServlet        : Completed initialization in 9 ms
2020-09-19 01:22:14.650  INFO 56072 --- [http-nio-8080-exec-1] com.core.tpsp.service.ExcelServiceImpl   : Loading applicant file ...
2020-09-19 01:22:14.877  INFO 56072 --- [http-nio-8080-exec-1] com.core.tpsp.service.ExcelServiceImpl   : Done loading application table apps [Application(applicationId=6, id=0, applicant=0a7733bb-95c0-45c0-a049-a08abf344706, appliedClass=42, pa=false, approved=false, preference=0), Application(applicationId=5, id=0, applicant=6601b220-9d66-43df-8242-d8a0736b4a10, appliedClass=36, pa=true, approved=true, preference=0), Application(applicationId=4, id=0, applicant=6601b220-9d66-43df-8242-d8a0736b4a10, appliedClass=51, pa=false, approved=false, preference=0), Application(applicationId=3, id=0, applicant=6601b220-9d66-43df-8242-d8a0736b4a10, appliedClass=40, pa=false, approved=false, preference=0), Application(applicationId=2, id=0, applicant=0a7733bb-95c0-45c0-a049-a08abf344706, appliedClass=33, pa=false, approved=false, preference=1), Application(applicationId=1, id=0, applicant=0a7733bb-95c0-45c0-a049-a08abf344706, appliedClass=36, pa=false, approved=false, preference=0)], userIds: [6601b220-9d66-43df-8242-d8a0736b4a10, 0a7733bb-95c0-45c0-a049-a08abf344706], clazzIds: [33, 51, 36, 40, 42]
2020-09-19 01:22:15.014  INFO 56072 --- [ForkJoinPool.commonPool-worker-2] com.core.tpsp.service.ExcelServiceImpl   : Done extracting user data {6601b220-9d66-43df-8242-d8a0736b4a10=UserDTO(id=6601b220-9d66-43df-8242-d8a0736b4a10, userName=matthew@applicant, firstName=Matthew, lastName=Applicant, email=null, linkedinUrl=null, role=null), 0a7733bb-95c0-45c0-a049-a08abf344706=UserDTO(id=0a7733bb-95c0-45c0-a049-a08abf344706, userName=timothy@applicant, firstName=Timothy, lastName=Applicant, email=null, linkedinUrl=null, role=null)}
2020-09-19 01:22:15.018  INFO 56072 --- [ForkJoinPool.commonPool-worker-1] com.core.tpsp.service.ExcelServiceImpl   : Done extracting class data [ClazzDTO(id=33, unitId=2, classType=Tutorial, tutorAllocated=null, allocated=false, approved=false, location=Hawthorn, room=null, year=2019, studyPeriod=Semester 2, dayOfWeek=Monday, startDate=01/01/2019 00:00:00, startTimeScheduled=01/01/1900 11:00:00, endTimeScheduled=01/01/1900 13:00:00, unitDTO=null), ClazzDTO(id=36, unitId=1, classType=Lecture, tutorAllocated=6601b220-9d66-43df-8242-d8a0736b4a10, allocated=true, approved=true, location=Hawthorn, room=null, year=2019, studyPeriod=Semester 2, dayOfWeek=Wednesday, startDate=07/08/2019 00:00:00, startTimeScheduled=01/01/1900 12:30:00, endTimeScheduled=01/01/1900 14:30:00, unitDTO=null), ClazzDTO(id=40, unitId=1, classType=Tutorial, tutorAllocated=null, allocated=false, approved=false, location=Hawthorn, room=null, year=2019, studyPeriod=Semester 2, dayOfWeek=Friday, startDate=09/08/2019 00:00:00, startTimeScheduled=01/01/1900 12:30:00, endTimeScheduled=01/01/1900 14:30:00, unitDTO=null), ClazzDTO(id=42, unitId=1, classType=Tutorial, tutorAllocated=null, allocated=false, approved=false, location=Hawthorn, room=null, year=2019, studyPeriod=Semester 2, dayOfWeek=Thursday, startDate=08/08/2019 00:00:00, startTimeScheduled=01/01/1900 14:30:00, endTimeScheduled=01/01/1900 16:30:00, unitDTO=null), ClazzDTO(id=51, unitId=5, classType=Lab, tutorAllocated=null, allocated=false, approved=false, location=Hawthorn, room=null, year=2019, studyPeriod=Semester 2, dayOfWeek=Friday, startDate=09/08/2019 00:00:00, startTimeScheduled=01/01/1900 13:30:00, endTimeScheduled=01/01/1900 14:30:00, unitDTO=null)]
2020-09-19 01:22:15.065  INFO 56072 --- [ForkJoinPool.commonPool-worker-1] com.core.tpsp.service.ExcelServiceImpl   : Successfully combined application data list: [[0, timothy@applicant, COS10003, Computer and Logic Essentials, false, false, 0], [0, matthew@applicant, COS10003, Computer and Logic Essentials, true, true, 0], [0, matthew@applicant, COS10005, Web Development, false, false, 0], [0, matthew@applicant, COS10003, Computer and Logic Essentials, false, false, 0], [0, timothy@applicant, CSM20001, Design of Constructed Structures, false, false, 1], [0, timothy@applicant, COS10003, Computer and Logic Essentials, false, false, 0]] 
2020-09-19 01:22:15.065  INFO 56072 --- [http-nio-8080-exec-1] com.core.tpsp.utils.ExcelHelper          : Begin creating excel workbook Applications ...
2020-09-19 01:22:15.429  INFO 56072 --- [http-nio-8080-exec-1] com.core.tpsp.utils.ExcelHelper          : Finished header ["ApplicationID","Applicant","UnitCode","UnitName","Approved","ProvisionallyAllocated","Preferrence"]...
2020-09-19 01:22:15.435  INFO 56072 --- [http-nio-8080-exec-1] com.core.tpsp.utils.ExcelHelper          : Finished row [0,"timothy@applicant","COS10003","Computer and Logic Essentials",false,false,0]...
2020-09-19 01:22:15.438  INFO 56072 --- [http-nio-8080-exec-1] com.core.tpsp.utils.ExcelHelper          : Finished row [0,"matthew@applicant","COS10003","Computer and Logic Essentials",true,true,0]...
2020-09-19 01:22:15.440  INFO 56072 --- [http-nio-8080-exec-1] com.core.tpsp.utils.ExcelHelper          : Finished row [0,"matthew@applicant","COS10005","Web Development",false,false,0]...
2020-09-19 01:22:15.442  INFO 56072 --- [http-nio-8080-exec-1] com.core.tpsp.utils.ExcelHelper          : Finished row [0,"matthew@applicant","COS10003","Computer and Logic Essentials",false,false,0]...
2020-09-19 01:22:15.444  INFO 56072 --- [http-nio-8080-exec-1] com.core.tpsp.utils.ExcelHelper          : Finished row [0,"timothy@applicant","CSM20001","Design of Constructed Structures",false,false,1]...
2020-09-19 01:22:15.446  INFO 56072 --- [http-nio-8080-exec-1] com.core.tpsp.utils.ExcelHelper          : Finished row [0,"timothy@applicant","COS10003","Computer and Logic Essentials",false,false,0]...
2020-09-19 01:22:15.830  INFO 56072 --- [http-nio-8080-exec-1] com.core.tpsp.service.ExcelServiceImpl   : Done creating excel data ...
2020-09-19 01:23:35.918  INFO 56072 --- [SpringContextShutdownHook] o.s.s.concurrent.ThreadPoolTaskExecutor  : Shutting down ExecutorService 'applicationTaskExecutor'
2020-09-19 01:23:35.920  INFO 56072 --- [SpringContextShutdownHook] j.LocalContainerEntityManagerFactoryBean : Closing JPA EntityManagerFactory for persistence unit 'default'
2020-09-19 01:23:35.925  INFO 56072 --- [SpringContextShutdownHook] com.zaxxer.hikari.HikariDataSource       : HikariPool-1 - Shutdown initiated...
2020-09-19 01:23:35.930  INFO 56072 --- [SpringContextShutdownHook] com.zaxxer.hikari.HikariDataSource       : HikariPool-1 - Shutdown completed.
